<?xml version="1.0" encoding="UTF-8"?>
<!-- Generated by org.testng.reporters.JUnitReportReporter -->
<testsuite skipped="0" hostname="LAPTOP-PP0IDSJI" name="com.TestLearn.invocationCountTest" tests="5" failures="0" timestamp="2019-12-15T23:48:14 IST" time="0.015" errors="0">
  <testcase name="sum" time="0.003" classname="com.TestLearn.invocationCountTest"/>
  <testcase name="sum" time="0.002" classname="com.TestLearn.invocationCountTest"/>
  <testcase name="sum" time="0.003" classname="com.TestLearn.invocationCountTest"/>
  <testcase name="sum" time="0.003" classname="com.TestLearn.invocationCountTest"/>
  <testcase name="sum" time="0.004" classname="com.TestLearn.invocationCountTest"/>
</testsuite> <!-- com.TestLearn.invocationCountTest -->
