<?xml version="1.0" encoding="UTF-8"?>
<!-- Generated by org.testng.reporters.JUnitReportReporter -->
<testsuite skipped="0" hostname="LAPTOP-PP0IDSJI" name="com.TestLearn.exceptionTimeOutTest" tests="1" failures="0" timestamp="2019-12-15T23:48:14 IST" time="0.003" errors="0">
  <testcase name="checkException" time="0.003" classname="com.TestLearn.exceptionTimeOutTest"/>
</testsuite> <!-- com.TestLearn.exceptionTimeOutTest -->
