<?xml version="1.0" encoding="UTF-8"?>
<!-- Generated by org.testng.reporters.JUnitReportReporter -->
<testsuite skipped="0" hostname="LAPTOP-PP0IDSJI" name="com.TestLearn.testNGFeature" tests="2" failures="0" timestamp="2019-12-15T23:48:14 IST" time="0.018" errors="0">
  <testcase name="validApp" time="0.002" classname="com.TestLearn.testNGFeature"/>
  <testcase name="loginTest" time="0.016" classname="com.TestLearn.testNGFeature"/>
</testsuite> <!-- com.TestLearn.testNGFeature -->
