<?xml version="1.0" encoding="UTF-8"?>
<!-- Generated by org.testng.reporters.JUnitReportReporter -->
<testsuite skipped="0" hostname="LAPTOP-PP0IDSJI" name="com.TestLearn.demoTestNG" tests="3" failures="0" timestamp="2019-12-15T23:48:14 IST" time="23.527" errors="0">
  <testcase name="googleImage" time="5.839" classname="com.TestLearn.demoTestNG"/>
  <testcase name="googleSearch" time="9.931" classname="com.TestLearn.demoTestNG"/>
  <testcase name="googleTitle" time="7.757" classname="com.TestLearn.demoTestNG"/>
</testsuite> <!-- com.TestLearn.demoTestNG -->
